# JRE version: Java(TM) SE Runtime Environment (23.0.2+7) (build 23.0.2+7-58)
# Java VM: Java HotSpot(TM) 64-Bit Server VM (23.0.2+7-58, mixed mode, sharing, tiered, compressed oops, compressed class ptrs, g1 gc, windows-amd64)
GC Precious Log:
 CardTable entry size: 512
 Card Set container configuration: InlinePtr #cards 4 size 8 Array Of Cards #cards 32 size 80 Howl #buckets 8 coarsen threshold 7372 Howl Bitmap #cards 1024 size 144 coarsen threshold 921 Card regions per heap region 1 cards per card region 8192
 CPUs: 4 total, 4 available
 Memory: 7930M
 Large Page Support: Disabled
 NUMA Support: Disabled
 Compressed Oops: Enabled (Zero based)
 Heap Region Size: 4M
 Heap Min Capacity: 8M
 Heap Initial Capacity: 124M
 Heap Max Capacity: 8G
 Pre-touch: Disabled
 Parallel Workers: 4
 Concurrent Workers: 1
 Concurrent Refinement Workers: 4
 Periodic GC: Disabled
Heap:
 garbage-first heap   total reserved 8388608K, committed 483328K, used 404979K [0x0000000600000000, 0x0000000800000000)
  region size 4096K, 42 young (172032K), 4 survivors (16384K)
 Metaspace       used 182751K, committed 185792K, reserved 1245184K
  class space    used 24093K, committed 25536K, reserved 1048576K
GC Heap History (20 events):
Event: 49.651 GC heap before
{Heap before GC invocations=58 (full 0):
 garbage-first heap   total reserved 8388608K, committed 331776K, used 272890K [0x0000000600000000, 0x0000000800000000)
  region size 4096K, 39 young (159744K), 4 survivors (16384K)
 Metaspace       used 145221K, committed 147968K, reserved 1179648K
  class space    used 19443K, committed 20736K, reserved 1048576K
}
Event: 49.668 GC heap after
{Heap after GC invocations=59 (full 0):
 garbage-first heap   total reserved 8388608K, committed 331776K, used 131030K [0x0000000600000000, 0x0000000800000000)
  region size 4096K, 3 young (12288K), 3 survivors (12288K)
 Metaspace       used 145221K, committed 147968K, reserved 1179648K
  class space    used 19443K, committed 20736K, reserved 1048576K
}
Event: 50.211 GC heap before
{Heap before GC invocations=59 (full 0):
 garbage-first heap   total reserved 8388608K, committed 331776K, used 274390K [0x0000000600000000, 0x0000000800000000)
  region size 4096K, 39 young (159744K), 3 survivors (12288K)
 Metaspace       used 145228K, committed 147968K, reserved 1179648K
  class space    used 19443K, committed 20736K, reserved 1048576K
}
Event: 50.215 GC heap after
{Heap after GC invocations=60 (full 0):
 garbage-first heap   total reserved 8388608K, committed 483328K, used 124067K [0x0000000600000000, 0x0000000800000000)
  region size 4096K, 1 young (4096K), 1 survivors (4096K)
 Metaspace       used 145228K, committed 147968K, reserved 1179648K
  class space    used 19443K, committed 20736K, reserved 1048576K
}
Event: 86.581 GC heap before
{Heap before GC invocations=60 (full 0):
 garbage-first heap   total reserved 8388608K, committed 483328K, used 349347K [0x0000000600000000, 0x0000000800000000)
  region size 4096K, 57 young (233472K), 1 survivors (4096K)
 Metaspace       used 150819K, committed 153600K, reserved 1245184K
  class space    used 20195K, committed 21504K, reserved 1048576K
}
Event: 86.594 GC heap after
{Heap after GC invocations=61 (full 0):
 garbage-first heap   total reserved 8388608K, committed 483328K, used 130448K [0x0000000600000000, 0x0000000800000000)
  region size 4096K, 3 young (12288K), 3 survivors (12288K)
 Metaspace       used 150819K, committed 153600K, reserved 1245184K
  class space    used 20195K, committed 21504K, reserved 1048576K
}
Event: 93.974 GC heap before
{Heap before GC invocations=61 (full 0):
 garbage-first heap   total reserved 8388608K, committed 483328K, used 351632K [0x0000000600000000, 0x0000000800000000)
  region size 4096K, 58 young (237568K), 3 survivors (12288K)
 Metaspace       used 151200K, committed 153984K, reserved 1245184K
  class space    used 20219K, committed 21568K, reserved 1048576K
}
Event: 94.090 GC heap after
{Heap after GC invocations=62 (full 0):
 garbage-first heap   total reserved 8388608K, committed 483328K, used 164187K [0x0000000600000000, 0x0000000800000000)
  region size 4096K, 8 young (32768K), 8 survivors (32768K)
 Metaspace       used 151200K, committed 153984K, reserved 1245184K
  class space    used 20219K, committed 21568K, reserved 1048576K
}
Event: 104.815 GC heap before
{Heap before GC invocations=62 (full 0):
 garbage-first heap   total reserved 8388608K, committed 483328K, used 385371K [0x0000000600000000, 0x0000000800000000)
  region size 4096K, 60 young (245760K), 8 survivors (32768K)
 Metaspace       used 154446K, committed 157248K, reserved 1245184K
  class space    used 20564K, committed 21888K, reserved 1048576K
}
Event: 104.974 GC heap after
{Heap after GC invocations=63 (full 0):
 garbage-first heap   total reserved 8388608K, committed 483328K, used 179787K [0x0000000600000000, 0x0000000800000000)
  region size 4096K, 4 young (16384K), 4 survivors (16384K)
 Metaspace       used 154446K, committed 157248K, reserved 1245184K
  class space    used 20564K, committed 21888K, reserved 1048576K
}
Event: 112.238 GC heap before
{Heap before GC invocations=63 (full 0):
 garbage-first heap   total reserved 8388608K, committed 483328K, used 417355K [0x0000000600000000, 0x0000000800000000)
  region size 4096K, 57 young (233472K), 4 survivors (16384K)
 Metaspace       used 155163K, committed 158016K, reserved 1245184K
  class space    used 20589K, committed 21952K, reserved 1048576K
}
Event: 112.329 GC heap after
{Heap after GC invocations=64 (full 0):
 garbage-first heap   total reserved 8388608K, committed 483328K, used 225008K [0x0000000600000000, 0x0000000800000000)
  region size 4096K, 8 young (32768K), 8 survivors (32768K)
 Metaspace       used 155163K, committed 158016K, reserved 1245184K
  class space    used 20589K, committed 21952K, reserved 1048576K
}
Event: 119.946 GC heap before
{Heap before GC invocations=64 (full 0):
 garbage-first heap   total reserved 8388608K, committed 483328K, used 409328K [0x0000000600000000, 0x0000000800000000)
  region size 4096K, 53 young (217088K), 8 survivors (32768K)
 Metaspace       used 160528K, committed 163456K, reserved 1245184K
  class space    used 21099K, committed 22464K, reserved 1048576K
}
Event: 120.014 GC heap after
{Heap after GC invocations=65 (full 0):
 garbage-first heap   total reserved 8388608K, committed 483328K, used 238097K [0x0000000600000000, 0x0000000800000000)
  region size 4096K, 3 young (12288K), 3 survivors (12288K)
 Metaspace       used 160528K, committed 163456K, reserved 1245184K
  class space    used 21099K, committed 22464K, reserved 1048576K
}
Event: 125.739 GC heap before
{Heap before GC invocations=65 (full 0):
 garbage-first heap   total reserved 8388608K, committed 483328K, used 418321K [0x0000000600000000, 0x0000000800000000)
  region size 4096K, 47 young (192512K), 3 survivors (12288K)
 Metaspace       used 169822K, committed 172736K, reserved 1245184K
  class space    used 22388K, committed 23744K, reserved 1048576K
}
Event: 125.786 GC heap after
{Heap after GC invocations=66 (full 0):
 garbage-first heap   total reserved 8388608K, committed 483328K, used 251529K [0x0000000600000000, 0x0000000800000000)
  region size 4096K, 6 young (24576K), 6 survivors (24576K)
 Metaspace       used 169822K, committed 172736K, reserved 1245184K
  class space    used 22388K, committed 23744K, reserved 1048576K
}
Event: 135.423 GC heap before
{Heap before GC invocations=67 (full 0):
 garbage-first heap   total reserved 8388608K, committed 483328K, used 423561K [0x0000000600000000, 0x0000000800000000)
  region size 4096K, 48 young (196608K), 6 survivors (24576K)
 Metaspace       used 174131K, committed 177152K, reserved 1245184K
  class space    used 22769K, committed 24192K, reserved 1048576K
}
Event: 135.463 GC heap after
{Heap after GC invocations=68 (full 0):
 garbage-first heap   total reserved 8388608K, committed 483328K, used 250294K [0x0000000600000000, 0x0000000800000000)
  region size 4096K, 2 young (8192K), 2 survivors (8192K)
 Metaspace       used 174131K, committed 177152K, reserved 1245184K
  class space    used 22769K, committed 24192K, reserved 1048576K
}
Event: 141.267 GC heap before
{Heap before GC invocations=68 (full 0):
 garbage-first heap   total reserved 8388608K, committed 483328K, used 430518K [0x0000000600000000, 0x0000000800000000)
  region size 4096K, 46 young (188416K), 2 survivors (8192K)
 Metaspace       used 174210K, committed 177216K, reserved 1245184K
  class space    used 22769K, committed 24192K, reserved 1048576K
}
Event: 141.320 GC heap after
{Heap after GC invocations=69 (full 0):
 garbage-first heap   total reserved 8388608K, committed 483328K, used 253427K [0x0000000600000000, 0x0000000800000000)
  region size 4096K, 4 young (16384K), 4 survivors (16384K)
 Metaspace       used 174210K, committed 177216K, reserved 1245184K
  class space    used 22769K, committed 24192K, reserved 1048576K
}

